2021-02-12 11:58:37.988  WARN 6892 --- [main] JpaBaseConfiguration$JpaWebConfiguration : spring.jpa.open-in-view is enabled by default. Therefore, database queries may be performed during view rendering. Explicitly configure spring.jpa.open-in-view to disable this warning
2021-02-12 12:08:25.816  WARN 7700 --- [main] JpaBaseConfiguration$JpaWebConfiguration : spring.jpa.open-in-view is enabled by default. Therefore, database queries may be performed during view rendering. Explicitly configure spring.jpa.open-in-view to disable this warning
2021-02-12 12:09:09.489  WARN 4284 --- [main] JpaBaseConfiguration$JpaWebConfiguration : spring.jpa.open-in-view is enabled by default. Therefore, database queries may be performed during view rendering. Explicitly configure spring.jpa.open-in-view to disable this warning
2021-02-12 12:13:31.073  WARN 3100 --- [main] JpaBaseConfiguration$JpaWebConfiguration : spring.jpa.open-in-view is enabled by default. Therefore, database queries may be performed during view rendering. Explicitly configure spring.jpa.open-in-view to disable this warning
2021-02-12 13:07:43.794  WARN 5212 --- [main] JpaBaseConfiguration$JpaWebConfiguration : spring.jpa.open-in-view is enabled by default. Therefore, database queries may be performed during view rendering. Explicitly configure spring.jpa.open-in-view to disable this warning
2021-02-12 13:09:31.124  WARN 664 --- [main] JpaBaseConfiguration$JpaWebConfiguration : spring.jpa.open-in-view is enabled by default. Therefore, database queries may be performed during view rendering. Explicitly configure spring.jpa.open-in-view to disable this warning
2021-02-12 13:27:50.993  WARN 11864 --- [main] JpaBaseConfiguration$JpaWebConfiguration : spring.jpa.open-in-view is enabled by default. Therefore, database queries may be performed during view rendering. Explicitly configure spring.jpa.open-in-view to disable this warning
2021-02-12 13:28:08.351  WARN 6796 --- [main] JpaBaseConfiguration$JpaWebConfiguration : spring.jpa.open-in-view is enabled by default. Therefore, database queries may be performed during view rendering. Explicitly configure spring.jpa.open-in-view to disable this warning
2021-02-12 13:39:54.891  WARN 10040 --- [main] JpaBaseConfiguration$JpaWebConfiguration : spring.jpa.open-in-view is enabled by default. Therefore, database queries may be performed during view rendering. Explicitly configure spring.jpa.open-in-view to disable this warning
2021-02-12 13:40:38.086 DEBUG 10040 --- [http-nio-8080-exec-1] org.hibernate.SQL                        : select next_val as id_val from hibernate_sequence for update
2021-02-12 13:40:38.105 DEBUG 10040 --- [http-nio-8080-exec-1] org.hibernate.SQL                        : update hibernate_sequence set next_val= ? where next_val=?
2021-02-12 13:40:38.159 DEBUG 10040 --- [http-nio-8080-exec-1] org.hibernate.SQL                        : insert into docente (cognome, nome, id) values (?, ?, ?)
2021-02-12 13:40:38.162 TRACE 10040 --- [http-nio-8080-exec-1] o.h.type.descriptor.sql.BasicBinder      : binding parameter [1] as [VARCHAR] - [Rossi]
2021-02-12 13:40:38.162 TRACE 10040 --- [http-nio-8080-exec-1] o.h.type.descriptor.sql.BasicBinder      : binding parameter [2] as [VARCHAR] - [Mario]
2021-02-12 13:40:38.163 TRACE 10040 --- [http-nio-8080-exec-1] o.h.type.descriptor.sql.BasicBinder      : binding parameter [3] as [BIGINT] - [1]
2021-02-12 13:40:38.196 DEBUG 10040 --- [http-nio-8080-exec-1] org.hibernate.SQL                        : select next_val as id_val from hibernate_sequence for update
2021-02-12 13:40:38.197 DEBUG 10040 --- [http-nio-8080-exec-1] org.hibernate.SQL                        : update hibernate_sequence set next_val= ? where next_val=?
2021-02-12 13:40:38.228 DEBUG 10040 --- [http-nio-8080-exec-1] org.hibernate.SQL                        : insert into docente (cognome, nome, id) values (?, ?, ?)
2021-02-12 13:40:38.229 TRACE 10040 --- [http-nio-8080-exec-1] o.h.type.descriptor.sql.BasicBinder      : binding parameter [1] as [VARCHAR] - [Verdi]
2021-02-12 13:40:38.229 TRACE 10040 --- [http-nio-8080-exec-1] o.h.type.descriptor.sql.BasicBinder      : binding parameter [2] as [VARCHAR] - [Giorgia]
2021-02-12 13:40:38.229 TRACE 10040 --- [http-nio-8080-exec-1] o.h.type.descriptor.sql.BasicBinder      : binding parameter [3] as [BIGINT] - [2]
2021-02-12 13:40:38.305 DEBUG 10040 --- [http-nio-8080-exec-1] org.hibernate.SQL                        : select next_val as id_val from hibernate_sequence for update
2021-02-12 13:40:38.307 DEBUG 10040 --- [http-nio-8080-exec-1] org.hibernate.SQL                        : update hibernate_sequence set next_val= ? where next_val=?
2021-02-12 13:40:38.371 DEBUG 10040 --- [http-nio-8080-exec-1] org.hibernate.SQL                        : insert into docente (cognome, nome, id) values (?, ?, ?)
2021-02-12 13:40:38.372 TRACE 10040 --- [http-nio-8080-exec-1] o.h.type.descriptor.sql.BasicBinder      : binding parameter [1] as [VARCHAR] - [Gialli]
2021-02-12 13:40:38.373 TRACE 10040 --- [http-nio-8080-exec-1] o.h.type.descriptor.sql.BasicBinder      : binding parameter [2] as [VARCHAR] - [Alberto]
2021-02-12 13:40:38.373 TRACE 10040 --- [http-nio-8080-exec-1] o.h.type.descriptor.sql.BasicBinder      : binding parameter [3] as [BIGINT] - [3]
2021-02-12 13:40:38.496 DEBUG 10040 --- [http-nio-8080-exec-1] org.hibernate.SQL                        : select next_val as id_val from hibernate_sequence for update
2021-02-12 13:40:38.497 DEBUG 10040 --- [http-nio-8080-exec-1] org.hibernate.SQL                        : update hibernate_sequence set next_val= ? where next_val=?
2021-02-12 13:40:38.528 DEBUG 10040 --- [http-nio-8080-exec-1] org.hibernate.SQL                        : insert into docente (cognome, nome, id) values (?, ?, ?)
2021-02-12 13:40:38.529 TRACE 10040 --- [http-nio-8080-exec-1] o.h.type.descriptor.sql.BasicBinder      : binding parameter [1] as [VARCHAR] - [Bianchi]
2021-02-12 13:40:38.529 TRACE 10040 --- [http-nio-8080-exec-1] o.h.type.descriptor.sql.BasicBinder      : binding parameter [2] as [VARCHAR] - [Elena]
2021-02-12 13:40:38.530 TRACE 10040 --- [http-nio-8080-exec-1] o.h.type.descriptor.sql.BasicBinder      : binding parameter [3] as [BIGINT] - [4]
